<?xml version="1.0" encoding="UTF-8"?>
<robot generator="Robot 3.2.2 (Python 3.9.2 on win32)" generated="20210329 13:27:25.449" rpa="false">
<suite id="s1" name="TestTextBox" source="C:\Users\RAlexandru\Documents\Proiecte Eclipse\TestTextBox">
<suite id="s1-s1" name="Test Text Box" source="C:\Users\RAlexandru\Documents\Proiecte Eclipse\TestTextBox\Test_Text_Box.robot">
<test id="s1-s1-t1" name="Test_text_box">
<kw name="Open Browser Page">
<kw name="Open Browser" library="SeleniumLibrary">
<doc>Opens a new browser instance to the optional ``url``.</doc>
<arguments>
<arg>${url}</arg>
<arg>${browser}</arg>
</arguments>
<msg timestamp="20210329 13:27:25.658" level="INFO">Opening browser 'chrome' to base url 'https://demoqa.com/text-box'.</msg>
<status status="PASS" starttime="20210329 13:27:25.657" endtime="20210329 13:27:28.361"></status>
</kw>
<kw name="Maximize Browser Window" library="SeleniumLibrary">
<doc>Maximizes current browser window.</doc>
<status status="PASS" starttime="20210329 13:27:28.361" endtime="20210329 13:27:28.484"></status>
</kw>
<status status="PASS" starttime="20210329 13:27:25.657" endtime="20210329 13:27:28.484"></status>
</kw>
<kw name="Retrieve Text Boxes" library="insert_data.InsertData">
<status status="PASS" starttime="20210329 13:27:28.484" endtime="20210329 13:27:28.561"></status>
</kw>
<kw name="Insert Data" library="insert_data.InsertData">
<arguments>
<arg>${dict_values}</arg>
</arguments>
<status status="PASS" starttime="20210329 13:27:28.561" endtime="20210329 13:27:28.809"></status>
</kw>
<kw name="Execute Javascript" library="SeleniumLibrary">
<doc>Executes the given JavaScript code with possible arguments.</doc>
<arguments>
<arg>window.scroll(0,300)</arg>
</arguments>
<msg timestamp="20210329 13:27:28.810" level="INFO">Executing JavaScript:
window.scroll(0,300)
Without any arguments.</msg>
<status status="PASS" starttime="20210329 13:27:28.809" endtime="20210329 13:27:28.812"></status>
</kw>
<kw name="Click Element" library="SeleniumLibrary">
<doc>Click the element identified by ``locator``.</doc>
<arguments>
<arg>id=submit</arg>
</arguments>
<msg timestamp="20210329 13:27:28.812" level="INFO">Clicking element 'id=submit'.</msg>
<status status="PASS" starttime="20210329 13:27:28.812" endtime="20210329 13:27:28.844"></status>
</kw>
<kw name="Check Data" library="verify_data.VerifyData">
<msg timestamp="20210329 13:27:28.928" level="INFO">Name was completed!
Email was completed!
Current Address  was completed!
Permananet Address  was completed!</msg>
<status status="PASS" starttime="20210329 13:27:28.844" endtime="20210329 13:27:28.929"></status>
</kw>
<kw name="Sleep" library="BuiltIn">
<doc>Pauses the test executed for the given time.</doc>
<arguments>
<arg>5</arg>
</arguments>
<msg timestamp="20210329 13:27:33.944" level="INFO">Slept 5 seconds</msg>
<status status="PASS" starttime="20210329 13:27:28.929" endtime="20210329 13:27:33.945"></status>
</kw>
<kw name="Close Browser" library="SeleniumLibrary">
<doc>Closes the current browser.</doc>
<status status="PASS" starttime="20210329 13:27:33.945" endtime="20210329 13:27:36.042"></status>
</kw>
<status status="PASS" starttime="20210329 13:27:25.656" endtime="20210329 13:27:36.042" critical="yes"></status>
</test>
<status status="PASS" starttime="20210329 13:27:25.495" endtime="20210329 13:27:36.043"></status>
</suite>
<status status="PASS" starttime="20210329 13:27:25.476" endtime="20210329 13:27:36.045"></status>
</suite>
<statistics>
<total>
<stat pass="1" fail="0">Critical Tests</stat>
<stat pass="1" fail="0">All Tests</stat>
</total>
<tag>
</tag>
<suite>
<stat pass="1" fail="0" id="s1" name="TestTextBox">TestTextBox</stat>
<stat pass="1" fail="0" id="s1-s1" name="Test Text Box">TestTextBox.Test Text Box</stat>
</suite>
</statistics>
<errors>
</errors>
</robot>
